Determining if the pthread_create exist failed with the following output:
Change Dir: /home/tucker/research/pfc_init/cmake/CMakeFiles/CMakeTmp

Run Build Command:"/usr/bin/make" "cmTC_a1258/fast"
/usr/bin/make -f CMakeFiles/cmTC_a1258.dir/build.make CMakeFiles/cmTC_a1258.dir/build
make[1]: Entering directory '/home/tucker/research/pfc_init/cmake/CMakeFiles/CMakeTmp'
Building C object CMakeFiles/cmTC_a1258.dir/CheckSymbolExists.c.o
/usr/bin/cc    -fPIC    -o CMakeFiles/cmTC_a1258.dir/CheckSymbolExists.c.o   -c /home/tucker/research/pfc_init/cmake/CMakeFiles/CMakeTmp/CheckSymbolExists.c
Linking C executable cmTC_a1258
/usr/bin/cmake -E cmake_link_script CMakeFiles/cmTC_a1258.dir/link.txt --verbose=1
/usr/bin/cc  -fPIC     CMakeFiles/cmTC_a1258.dir/CheckSymbolExists.c.o  -o cmTC_a1258 -rdynamic 
CMakeFiles/cmTC_a1258.dir/CheckSymbolExists.c.o: In function `main':
CheckSymbolExists.c:(.text+0x1b): undefined reference to `pthread_create'
collect2: error: ld returned 1 exit status
CMakeFiles/cmTC_a1258.dir/build.make:97: recipe for target 'cmTC_a1258' failed
make[1]: *** [cmTC_a1258] Error 1
make[1]: Leaving directory '/home/tucker/research/pfc_init/cmake/CMakeFiles/CMakeTmp'
Makefile:126: recipe for target 'cmTC_a1258/fast' failed
make: *** [cmTC_a1258/fast] Error 2

File /home/tucker/research/pfc_init/cmake/CMakeFiles/CMakeTmp/CheckSymbolExists.c:
/* */
#include <pthread.h>

int main(int argc, char** argv)
{
  (void)argv;
#ifndef pthread_create
  return ((int*)(&pthread_create))[argc];
#else
  (void)argc;
  return 0;
#endif
}

Determining if the function pthread_create exists in the pthreads failed with the following output:
Change Dir: /home/tucker/research/pfc_init/cmake/CMakeFiles/CMakeTmp

Run Build Command:"/usr/bin/make" "cmTC_cb81d/fast"
/usr/bin/make -f CMakeFiles/cmTC_cb81d.dir/build.make CMakeFiles/cmTC_cb81d.dir/build
make[1]: Entering directory '/home/tucker/research/pfc_init/cmake/CMakeFiles/CMakeTmp'
Building C object CMakeFiles/cmTC_cb81d.dir/CheckFunctionExists.c.o
/usr/bin/cc    -fPIC -DCHECK_FUNCTION_EXISTS=pthread_create   -o CMakeFiles/cmTC_cb81d.dir/CheckFunctionExists.c.o   -c /usr/share/cmake-3.5/Modules/CheckFunctionExists.c
Linking C executable cmTC_cb81d
/usr/bin/cmake -E cmake_link_script CMakeFiles/cmTC_cb81d.dir/link.txt --verbose=1
/usr/bin/cc  -fPIC -DCHECK_FUNCTION_EXISTS=pthread_create    CMakeFiles/cmTC_cb81d.dir/CheckFunctionExists.c.o  -o cmTC_cb81d -rdynamic -lpthreads 
/usr/bin/ld: cannot find -lpthreads
collect2: error: ld returned 1 exit status
CMakeFiles/cmTC_cb81d.dir/build.make:97: recipe for target 'cmTC_cb81d' failed
make[1]: *** [cmTC_cb81d] Error 1
make[1]: Leaving directory '/home/tucker/research/pfc_init/cmake/CMakeFiles/CMakeTmp'
Makefile:126: recipe for target 'cmTC_cb81d/fast' failed
make: *** [cmTC_cb81d/fast] Error 2


